<?xml version="1.0" encoding="UTF-8"?>
<!-- Generated by org.testng.reporters.JUnitXMLReporter -->
<testsuite hostname="bogon" tests="5" failures="0" timestamp="5 Dec 2016 06:53:52 GMT" time="450.527" errors="0">
  <testcase name="AppiumTesta" time="91.384" classname="NewTest"/>
  <testcase name="AppiumTestb" time="62.844" classname="NewTest"/>
  <testcase name="AppiumTestc" time="81.658" classname="NewTest"/>
  <testcase name="AppiumTestd" time="81.36" classname="NewTest"/>
  <testcase name="AppiumTeste" time="91.516" classname="NewTest"/>
</testsuite>
